[2026-02-15 23:15:59] INFO    =======================================================
[2026-02-15 23:15:59] INFO      AI Employee Scheduler (Silver Tier)
[2026-02-15 23:15:59] INFO      Vault: G:\Desktop\Hackathon_0\Bronze\AI_Employee_Vault\vault
[2026-02-15 23:15:59] INFO      Mode:  once
[2026-02-15 23:15:59] INFO    =======================================================
[2026-02-15 23:15:59] INFO    Inbox is empty -- nothing to process
[2026-02-15 23:15:59] INFO    Cycle complete: scanned=0 triaged=0 planned=0 skipped=0 errors=0
[2026-02-15 23:16:22] INFO    =======================================================
[2026-02-15 23:16:22] INFO      AI Employee Scheduler (Silver Tier)
[2026-02-15 23:16:22] INFO      Vault: G:\Desktop\Hackathon_0\Bronze\AI_Employee_Vault\vault
[2026-02-15 23:16:22] INFO      Mode:  once
[2026-02-15 23:16:22] INFO    =======================================================
[2026-02-15 23:16:22] INFO    Found 2 file(s) in Inbox
[2026-02-15 23:16:22] INFO      [PROCESSING] update_docs.md
[2026-02-15 23:16:22] INFO        Triaged -> Needs_Action (Needs Action)
[2026-02-15 23:16:22] INFO        Plan created: Plan_20260215_231622.md
[2026-02-15 23:16:22] INFO      [PROCESSING] urgent_server_fix.md
[2026-02-15 23:16:22] INFO        Triaged -> Needs_Action (Needs Action)
[2026-02-15 23:16:22] INFO        Plan created: Plan_20260215_231622_2.md
[2026-02-15 23:16:22] INFO    Generating daily report...
[2026-02-15 23:16:22] INFO    Daily report saved: DailyReport_20260215.md
[2026-02-15 23:16:22] INFO    Cycle complete: scanned=2 triaged=2 planned=2 skipped=0 errors=0
[2026-02-15 23:16:38] INFO    =======================================================
[2026-02-15 23:16:38] INFO      AI Employee Scheduler (Silver Tier)
[2026-02-15 23:16:38] INFO      Vault: G:\Desktop\Hackathon_0\Bronze\AI_Employee_Vault\vault
[2026-02-15 23:16:38] INFO      Mode:  once
[2026-02-15 23:16:38] INFO    =======================================================
[2026-02-15 23:16:38] INFO    Found 2 file(s) in Inbox
[2026-02-15 23:16:38] INFO      [SKIP] update_docs.md (already processed)
[2026-02-15 23:16:38] INFO      [SKIP] urgent_server_fix.md (already processed)
[2026-02-15 23:16:38] INFO    Cycle complete: scanned=2 triaged=0 planned=0 skipped=2 errors=0
[2026-02-15 23:16:58] INFO    =======================================================
[2026-02-15 23:16:58] INFO      AI Employee Scheduler (Silver Tier)
[2026-02-15 23:16:58] INFO      Vault: G:\Desktop\Hackathon_0\Bronze\AI_Employee_Vault\vault
[2026-02-15 23:16:58] INFO      Mode:  once
[2026-02-15 23:16:58] INFO    =======================================================
[2026-02-15 23:16:58] WARNING Stale lock from PID 99999999, overriding
[2026-02-15 23:16:58] INFO    Found 2 file(s) in Inbox
[2026-02-15 23:16:58] INFO      [SKIP] update_docs.md (already processed)
[2026-02-15 23:16:58] INFO      [SKIP] urgent_server_fix.md (already processed)
[2026-02-15 23:16:58] INFO    Cycle complete: scanned=2 triaged=0 planned=0 skipped=2 errors=0
[2026-02-16 18:09:21] INFO    =======================================================
[2026-02-16 18:09:21] INFO      AI Employee Scheduler (Silver Tier)
[2026-02-16 18:09:21] INFO      Vault: G:\Desktop\Hackathon_0\Bronze\AI_Employee_Vault\vault
[2026-02-16 18:09:21] INFO      Mode:  once
[2026-02-16 18:09:21] INFO    =======================================================
[2026-02-16 18:09:21] INFO    Found 2 file(s) in Inbox
[2026-02-16 18:09:21] INFO      [SKIP] update_docs.md (already processed)
[2026-02-16 18:09:21] INFO      [SKIP] urgent_server_fix.md (already processed)
[2026-02-16 18:09:21] INFO    Generating daily report...
[2026-02-16 18:09:22] INFO    Daily report saved: DailyReport_20260216.md
[2026-02-16 18:09:22] INFO    Cycle complete: scanned=2 triaged=0 planned=0 skipped=2 errors=0
