[2026-02-16 19:00:51] INFO    ============================================================
[2026-02-16 19:00:51] INFO      Gold Tier Scheduler — Personal AI Employee
[2026-02-16 19:00:51] INFO      Vault:    G:\Desktop\Hackathon_0\Bronze\AI_Employee_Vault\vault
[2026-02-16 19:00:51] INFO      Mode:     once
[2026-02-16 19:00:51] INFO      Config:   <Config sections=['scheduler', 'error_logging', 'briefing', 'social_accounts', 'odoo'] env_vars=0>
[2026-02-16 19:00:51] INFO    ============================================================
[2026-02-16 19:00:51] INFO    --- Vault scan ---
[2026-02-16 19:00:51] INFO      [PROCESSING] update_docs.md
[2026-02-16 19:00:51] INFO      [PROCESSING] urgent_server_fix.md
[2026-02-16 19:00:51] INFO    Vault: scanned=2 triaged=0 planned=2 skipped=0 errors=0
[2026-02-16 19:00:51] INFO    --- Social queue check ---
[2026-02-16 19:00:51] INFO    --- Odoo sync ---
[2026-02-16 19:00:51] INFO    --- Log rotation check ---
[2026-02-16 19:00:51] INFO    Single cycle complete.
[2026-02-16 19:00:51] INFO    Gold scheduler stopped.
[2026-02-16 19:09:21] INFO    ============================================================
[2026-02-16 19:09:21] INFO      Gold Tier Scheduler — Personal AI Employee
[2026-02-16 19:09:21] INFO      Vault:    G:\Desktop\Hackathon_0\Bronze\AI_Employee_Vault\vault
[2026-02-16 19:09:21] INFO      Mode:     once
[2026-02-16 19:09:21] INFO      Config:   <Config sections=['scheduler', 'error_logging', 'briefing', 'social_accounts', 'odoo'] env_vars=0>
[2026-02-16 19:09:21] INFO    ============================================================
[2026-02-16 19:09:21] INFO    --- Gmail check ---
[2026-02-16 19:09:22] INFO    --- Vault scan ---
[2026-02-16 19:09:22] INFO    Vault: scanned=2 triaged=0 planned=0 skipped=2 errors=0
[2026-02-16 19:09:22] INFO    --- Social queue check ---
[2026-02-16 19:09:22] INFO    --- Odoo sync ---
[2026-02-16 19:09:31] INFO    --- Log rotation check ---
[2026-02-16 19:09:31] INFO    Single cycle complete.
[2026-02-16 19:09:31] INFO    Gold scheduler stopped.
[2026-02-16 19:19:57] INFO    ============================================================
[2026-02-16 19:19:57] INFO      Gold Tier Scheduler — Personal AI Employee
[2026-02-16 19:19:57] INFO      Vault:    G:\Desktop\Hackathon_0\Bronze\AI_Employee_Vault\vault
[2026-02-16 19:19:57] INFO      Mode:     once
[2026-02-16 19:19:57] INFO      Config:   <Config sections=['scheduler', 'error_logging', 'briefing', 'social_accounts', 'odoo'] env_vars=0>
[2026-02-16 19:19:57] INFO    ============================================================
[2026-02-16 19:19:57] INFO    --- Gmail check ---
[2026-02-16 19:19:57] INFO    --- Vault scan ---
[2026-02-16 19:19:57] INFO    Vault: scanned=2 triaged=0 planned=0 skipped=2 errors=0
[2026-02-16 19:19:57] INFO    --- Social queue check ---
[2026-02-16 19:19:57] INFO    --- Odoo sync ---
[2026-02-16 19:20:05] INFO    --- Log rotation check ---
[2026-02-16 19:20:05] INFO    Single cycle complete.
[2026-02-16 19:20:05] INFO    Gold scheduler stopped.
[2026-02-17 16:01:58] INFO    ============================================================
[2026-02-17 16:01:58] INFO      Gold Tier Scheduler — Personal AI Employee
[2026-02-17 16:01:58] INFO      Vault:    G:\Desktop\Hackathon_0\Bronze\AI_Employee_Vault\vault
[2026-02-17 16:01:58] INFO      Mode:     once
[2026-02-17 16:01:58] INFO      Config:   <Config sections=['scheduler', 'error_logging', 'briefing', 'social_accounts', 'odoo'] env_vars=17>
[2026-02-17 16:01:58] INFO    ============================================================
[2026-02-17 16:01:58] INFO    --- Gmail check ---
[2026-02-17 16:02:00] INFO    --- Vault scan ---
[2026-02-17 16:02:00] INFO    Vault: scanned=2 triaged=0 planned=0 skipped=2 errors=0
[2026-02-17 16:02:00] INFO    --- Social queue check ---
[2026-02-17 16:02:00] INFO    --- Odoo sync ---
[2026-02-17 16:02:03] INFO    --- Recovery (retry failed tasks) ---
[2026-02-17 16:02:03] INFO    --- Log rotation check ---
[2026-02-17 16:02:03] INFO    Single cycle complete.
[2026-02-17 16:02:03] INFO    Gold scheduler stopped.
[2026-02-17 16:20:40] INFO    ============================================================
[2026-02-17 16:20:40] INFO      Gold Tier Scheduler — Personal AI Employee
[2026-02-17 16:20:40] INFO      Vault:    G:\Desktop\Hackathon_0\Bronze\AI_Employee_Vault\vault
[2026-02-17 16:20:40] INFO      Mode:     once
[2026-02-17 16:20:40] INFO      Config:   <Config sections=['scheduler', 'error_logging', 'briefing', 'social_accounts', 'odoo'] env_vars=17>
[2026-02-17 16:20:40] INFO    ============================================================
[2026-02-17 16:20:40] INFO    --- Gmail check ---
[2026-02-17 16:20:42] INFO    --- Vault scan ---
[2026-02-17 16:20:42] INFO    Vault: scanned=2 triaged=0 planned=0 skipped=2 errors=0
[2026-02-17 16:20:42] INFO    --- Social queue check ---
[2026-02-17 16:20:42] INFO    --- Odoo sync ---
[2026-02-17 16:20:44] INFO    --- Ralph Wiggum (autonomous task loop) ---
[2026-02-17 16:20:44] INFO    --- Recovery (retry failed tasks) ---
[2026-02-17 16:20:44] INFO    --- Log rotation check ---
[2026-02-17 16:20:44] INFO    Single cycle complete.
[2026-02-17 16:20:44] INFO    Gold scheduler stopped.
[2026-02-17 16:20:58] INFO    ============================================================
[2026-02-17 16:20:58] INFO      Gold Tier Scheduler — Personal AI Employee
[2026-02-17 16:20:58] INFO      Vault:    G:\Desktop\Hackathon_0\Bronze\AI_Employee_Vault\vault
[2026-02-17 16:20:58] INFO      Mode:     once
[2026-02-17 16:20:58] INFO      Config:   <Config sections=['scheduler', 'error_logging', 'briefing', 'social_accounts', 'odoo'] env_vars=17>
[2026-02-17 16:20:58] INFO    ============================================================
[2026-02-17 16:20:58] INFO    --- Gmail check ---
[2026-02-17 16:21:19] INFO    --- Vault scan ---
[2026-02-17 16:21:19] INFO    Vault: scanned=2 triaged=0 planned=0 skipped=2 errors=0
[2026-02-17 16:21:19] INFO    --- Social queue check ---
[2026-02-17 16:21:19] INFO    --- Odoo sync ---
[2026-02-17 16:21:24] INFO    --- Ralph Wiggum (autonomous task loop) ---
[2026-02-17 16:21:24] INFO    --- Recovery (retry failed tasks) ---
[2026-02-17 16:21:24] INFO    --- Log rotation check ---
[2026-02-17 16:21:24] INFO    Single cycle complete.
[2026-02-17 16:21:24] INFO    Gold scheduler stopped.
